Sun 29 May 15:59:13 IST 2016
3
0
2
3
2
2
1
2
2
2
2
3
2
2
2
2
3
1
2
1
1
2
2
2
2
2
2
2
3
2
3
2
4
2
3
3
2
2
2
1
2
3
2
2
2
3
1
2
4
2
2
2
3
4
2
2
4
3
2
2
2
3
2
3
3
2
2
2
1
3
2
3
3
3
2
2
2
2
1
2
2
1
2
2
3
2
2
3
3
2
2
3
0
2
2
2
2
2
2
2
1
2
2
3
2
2
3
1
2
2
2
2
2
2
2
2
2
3
2
2
2
2
2
0
1
1
2
2
1
2
2
3
4
2
3
2
2
3
3
2
0
3
2
3
3
2
3
3
2
3
3
2
3
3
3
4
4
3
3
3
2
4
4
2
3
2
2
4
4
2
3
2
3
4
4
3
3
3
2
3
3
3
3
4
3
3
3
3
3
3
3
3
3
3
4
3
3
3
3
3
3
3
3
2
3
3
3
4
4
1
3
3
4
3
4
2
3
3
4
4
4
2
4
4
4
3
4
2
4
3
4
4
3
2
4
3
4
3
3
2
4
3
4
4
3
2
4
3
6
4
3
2
4
4
4
4
4
2
4
4
5
4
4
2
4
4
6
4
4
3
4
3
4
4
4
2
4
4
4
4
4
2
4
4
4
4
4
2
4
4
5
4
4
4
4
4
4
4
3
5
4
4
4
4
4
5
3
4
4
4
4
4
4
4
4
4
4
4
4
4
4
4
1
4
3
3
3
3
2
3
4
3
4
2
2
3
5
5
3
4
3
3
3
3
4
4
4
3
4
3
4
4
4
4
4
3
3
4
3
4
3
4
3
3
4
3
3
3
4
4
3
2
3
4
4
3
3
3
3
5
5
3
5
3
4
2
3
3
3
4
3
4
3
3
3
3
3
4
3
3
4
4
5
4
4
4
4
4
4
4
4
5
4
4
3
3
3
3
4
6
4
3
4
3
4
3
0
4
4
3
3
3
4
5
3
3
3
3
3
0
3
3
3
3
3
3
3
4
4
3
4
3
3
1
3
3
3
3
3
4
3
3
3
3
3
3
3
4
3
3
4
3
3
3
3
3
0
3
3
3
3
4
4
4
5
5
4
4
4
4
2
4
4
4
4
3
5
3
4
4
4
3
4
3
3
4
4
5
3
4
3
3
3
1
3
3
4
3
3
3
3
4
3
3
3
3
3
2
3
3
3
3
4
5
2
3
3
3
3
2
3
3
3
3
5
3
3
3
3
3
1
3
3
3
3
3
2
3
4
4
3
4
3
3
3
3
3
3
4
3
2
3
3
3
3
3
4
2
3
3
3
3
3
3
3
3
4
4
3
3
3
4
4
1
3
3
3
3
3
2
3
3
3
3
3
3
3
4
4
3
3
3
3
2
3
3
3
3
3
1
3
3
3
3
3
4
2
2
3
3
3
3
2
3
3
3
4
3
3
3
3
3
3
3
3
3
3
3
1
3
3
3
3
3
3
3
4
5
3
4
3
3
2
3
3
4
3
3
4
3
3
3
3
3
3
2
3
3
3
4
3
3
3
3
3
1
3
3
3
3
3
2
3
4
4
3
3
3
3
5
5
3
2
0
3
3
3
3
4
3
3
1
3
3
4
4
3
2
3
3
4
3
3
3
3
3
3
3
2
4
3
3
3
3
3
4
3
4
3
4
4
5
3
4
4
4
5
5
3
4
4
5
4
5
4
4
5
5
6
4
5
5
5
5
0
4
5
5
5
5
5
4
5
5
4
5
5
5
5
5
5
6
6
6
6
6
6
6
6
6
6
5
5
6
5
6
5
5
5
5
5
5
5
5
4
4
5
5
3
5
5
5
5
5
6
6
4
6
6
6
6
6
6
6
6
6
6
4
6
6
7
6
6
6
6
4
4
5
5
6
5
5
5
5
5
5
3
5
6
7
5
6
6
6
5
5
5
5
5
5
5
5
5
5
5
5
5
6
5
5
6
5
6
6
5
4
5
4
2
5
6
6
5
6
5
5
6
4
4
5
5
3
4
4
4
3
4
4
4
2
3
3
3
3
3
3
4
4
4
3
2
3
5
5
3
4
4
3
4
3
3
3
4
4
4
4
3
3
4
3
3
5
4
3
5
4
3
5
2
3
3
4
4
3
3
4
4
4
4
4
2
3
3
3
4
4
4
4
3
4
3
4
4
4
4
4
4
4
4
5
3
4
4
3
3
4
3
4
4
4
4
4
2
4
4
4
4
3
4
4
4
4
4
2
4
4
5
4
2
4
4
2
4
4
4
4
4
4
4
3
4
3
3
4
4
3
4
4
4
4
3
4
4
4
4
4
5
3
4
4
4
5
4
4
4
4
4
4
4
3
4
4
5
4
4
4
4
4
4
4
3
4
4
4
4
4
4
4
2
4
4
4
4
4
4
4
4
4
4
2
4
5
6
3
5
4
4
4
4
4
4
4
4
4
4
4
4
4
2
4
5
5
4
5
5
4
4
3
4
4
5
4
4
4
4
4
4
4
4
6
6
4
5
5
4
5
3
4
4
4
5
4
5
5
4
5
4
5
6
6
4
5
5
4
6
3
4
4
4
5
4
5
5
5
4
4
4
6
4
4
4
5
4
6
3
4
5
5
5
4
4
4
4
4
5
5
3
5
4
5
4
4
5
4
4
4
4
2
4
5
6
4
5
5
4
6
3
4
5
5
3
4
5
6
5
5
5
4
6
3
4
4
5
4
4
4
6
4
5
4
4
6
3
4
4
4
2
4
5
6
4
5
4
4
5
4
4
4
5
2
4
5
5
4
5
3
4
4
4
4
4
3
3
4
7
3
3
5
4
4
3
4
3
3
3
2
3
5
4
3
3
3
2
3
1
2
2
2
3
2
1
1
1
1
1
1
2
2
2
2
2
2
3
1
2
2
2
4
3
3
4
4
5
6
6
8
7
7
8
8
7
9
8
8
8
9
7
8
9
10
8
9
9
8
10
8
8
9
9
7
9
9
10
10
10
10
9
11
8
10
10
10
8
9
10
11
10
10
10
10
10
10
10
10
9
8
7
6
7
6
6
6
6
6
7
6
7
6
7
7
5
6
7
7
8
9
9
9
11
10
11
11
10
12
10
11
11
10
9
9
9
7
6
5
5
4
3
3
2
3
3
2
2
3
1
2
3
4
2
5
7
6
7
8
9
8
10
11
13
13
10
14
14
15
13
14
14
14
14
14
13
14
14
15
15
14
14
15
15
15
15
15
15
15
15
15
15
16
15
15
16
16
16
15
15
16
16
14
15
16
16
16
14
16
17
16
16
16
16
17
17
17
18
17
17
16
17
17
16
17
17
17
16
17
17
17
17
17
17
17
17
18
17
17
17
16
17
17
18
16
18
17
17
17
17
16
16
17
18
17
17
18
16
17
18
18
18
16
18
19
18
18
18
18
18
18
19
19
18
18
18
19
18
18
20
18
19
18
18
18
18
18
18
18
18
19
17
19
18
19
19
19
19
19
20
18
19
19
19
18
19
19
19
19
20
19
19
20
19
19
19
20
19
19
20
19
19
19
20
20
20
20
19
19
20
19
20
20
20
18
20
20
20
20
20
18
19
20
20
20
20
20
18
19
20
21
20
20
20
18
20
20
21
20
20
20
19
20
20
21
20
20
21
19
21
21
21
21
18
21
21
20
21
21
21
19
21
22
21
21
21
21
20
22
21
29
30
28
30
29
29
30
29
29
30
31
30
30
30
30
28
30
29
30
30
31
31
30
31
30
30
31
31
31
31
32
35
31
32
32
32
32
32
32
32
32
32
33
32
33
32
34
33
33
33
33
32
33
32
32
33
33
33
33
33
35
33
35
34
34
34
34
34
34
35
34
34
35
33
35
34
34
35
35
35
36
35
37
36
35
36
37
36
37
37
38
37
37
37
38
36
38
39
37
37
38
39
38
38
39
39
38
39
39
39
40
40
41
40
40
40
41
40
40
40
40
41
41
41
42
42
42
41
43
42
43
43
42
43
43
43
43
43
43
44
43
43
44
44
44
44
45
45
45
45
45
44
45
44
45
45
46
46
47
46
45
45
44
46
46
45
48
46
47
47
47
47
47
47
48
48
49
48
49
49
50
49
49
49
49
50
50
51
51
52
51
50
51
52
52
53
53
54
53
53
54
53
54
55
54
54
55
55
56
54
57
56
56
58
58
58
59
60
59
60
60
60
61
62
62
62
62
62
62
63
63
63
64
64
64
64
65
66
66
66
66
68
69
67
66
67
68
69
67
68
67
68
70
71
71
71
72
71
73
72
72
72
73
73
73
73
74
73
74
74
74
75
76
76
76
77
77
77
78
78
78
79
79
81
80
80
81
81
82
83
82
83
84
84
84
82
85
87
85
85
85
85
85
83
86
86
86
88
88
89
89
90
90
89
90
91
92
93
93
93
93
95
95
95
96
96
96
97
97
99
99
99
100
100
100
100
102
101
103
102
103
104
104
105
106
105
106
107
107
108
107
109
110
110
110
110
111
112
112
112
112
113
113
114
116
116
117
117
119
118
119
120
119
121
121
121
122
122
123
124
124
125
125
125
126
127
128
128
129
130
131
131
131
132
133
133
134
133
135
137
136
137
137
138
139
139
141
141
141
143
143
145
145
145
146
146
147
148
149
150
151
152
153
153
154
155
156
157
158
160
159
160
160
162
163
164
165
166
167
169
169
170
171
170
173
173
174
176
176
177
179
179
180
182
183
184
186
186
187
188
190
190
192
193
195
197
198
199
200
200
201
202
204
204
205
206
207
209
211
213
215
215
217
219
220
220
221
222
223
224
226
226
228
229
231
232
233
235
237
237
238
239
240
242
243
244
246
247
249
250
252
252
253
271
259
262
261
259
262
259
260
261
264
263
266
268
268
268
269
270
270
272
273
274
276
278
278
278
278
280
281
282
283
284
284
286
287
288
289
288
289
291
293
294
296
296
298
299
301
302
304
306
308
309
312
312
314
315
316
317
318
320
321
324
325
327
330
332
335
339
342
345
348
352
354
356
358
361
361
363
366
367
372
378
382
383
387
390
393
396
400
404
408
413
417
422
426
431
435
440
445
450
455
461
467
471
477
482
487
493
499
507
513
519
526
531
537
543
549
556
562
569
575
581
585
590
595
601
606
612
617
620
624
630
635
638
641
643
646
649
654
657
660
664
668
669
672
676
680
683
684
686
689
691
694
696
699
701
703
706
710
714
717
721
723
726
731
733
734
737
741
745
747
750
754
757
759
763
768
769
772
776
780
784
785
788
791
794
797
800
803
807
807
810
815
816
822
824
828
830
834
838
839
845
848
850
853
855
858
862
863
867
868
872
874
876
879
880
883
885
888
891
892
895
896
899
901
903
907
909
909
909
911
913
913
915
918
918
921
922
923
923
925
927
928
929
930
930
932
933
935
935
932
935
935
938
938
941
941
941
943
943
944
945
945
944
945
947
947
947
949
949
951
952
953
954
955
955
955
957
958
958
959
960
961
961
961
962
962
963
963
963
964
965
965
966
966
966
967
966
968
967
969
970
971
971
971
970
971
974
972
971
972
972
973
974
975
974
975
975
975
976
977
976
976
976
978
976
977
977
977
979
978
978
979
979
978
979
980
979
980
980
980
981
981
980
981
981
981
982
981
982
982
982
981
983
982
983
981
983
983
983
983
982
982
984