Mon 30 May 02:10:45 IST 2016
1002
979
979
979
979
979
976
980
979
977
980
980
980
980
979
980
980
981
980
980
981
981
980
980
981
978
978
980
981
980
977
979
980
980
981
980
981
979
980
980
978
981
982
982
980
979
979
980
980
980
980
980
979
979
980
979
980
980
981
980
979
980
980
979
981
982
981
980
980
981
981
981
982
981
981
979
977
980
981
981
982
981
980
979
984
982
979
979
982
980
981
979
979
979
980
982
981
980
981
982
980
980
980
980
983
980
982
982
979
981
979
982
980
980
980
979
981
982
981
982
980
982
982
983
984
981
983
981
983
981
983
982
981
983
981
981
984
984
982
982
982
982
981
983
982
982
981
980
983
984
983
983
983
981
981
982
983
983
980
983
983
984
983
984
983
982
982
984
981
981
984
983
984
983
984
984
983
984
983
984
984
983
983
982
983
984
982
983
982
983
983
983
983
984
984
983
984
984
984
983
983
983
983
983
983
984
983
984
980
984
984
983
984
983
983
984
984
985
986
984
984
983
984
983
981
984
983
982
984
984
984
985
981
984
984
983
983
981
984
981
982
983
981
983
982
982
982
983
983
982
984
983
982
981
982
983
983
983
980
981
984
983
984
983
983
984
984
983
983
983
983
985
983
984
983
983
983
983
982
983
983
983
979
983
981
981
983
982
981
982
983
981
981
984
984
983
982
984
984
984
983
984
984
981
983
984
984
980
984
984
984
984
983
980
983
983
983
982
980
982
983
984
984
982
982
983
984
983
983
983
983
982
981
983
983
983
985
984
983
984
984
983
983
984
984
984
984
984
983
983
982
983
984
983
984
981
983
981
981
983
984
981
983
984
982
984
982
983
982
981
984
984
984
984
984
984
984
985
984
983
984
983
983
983
985
984
983
985
983
983
984
983
983
984
985
981
983
983
983
983
984
983
983
981
983
984
984
984
982
983
981
984
983
983
983
983
983
984
982
984
984
984
984
984
983
983
983
984
984
983
984
984
984
984
984
983
984
984
983
984
983
983
983
984
984
983
983
983
984
984
982
984
983
984
983
984
983
982
982
983
984
983
984
983
983
984
984
981
984
983
984
986
984
984
981
983
983
984
983
983
983
981
985
983
983
984
984
982
982
983
983
983
985
983
983
983
983
983
981
983
983
983
981
980
983
982
982
983
983
984
983
983
983
983
982
983
981
984
983
984
983
984
983
984
983
983
986
984
983
984
984
983
981
983
984
981
983
983
983
983
981
983
982
982
982
983
981
982
982
982
980
981
982
983
982
983
984
983
984
981
984
984
984
982
982
985
983
983
984
984
983
981
986
983
983
983
982
983
981
984
984
983
983
983
984
984
984
984
982
983
984
983
983
979
983
983
981
984
983
981
981
983
984
984
983
981
985
983
981
983
981
983
984
982
982
984
984
981
983
979
983
984
984
986
983
983
983
983
982
982
983
983
983
983
983
983
984
983
983
982
984
984
984
981
983
983
982
983
984
984
984
984
981
981
982
980
983
983
984
983
983
984
983
983
982
983
984
981
983
981
982
983
983
983
984
983
983
983
983
981
983
982
982
980
981
983
982
979
983
982
983
984
982
983
982
981
982
981
983
982
983
981
983
980
984
983
983
983
984
983
983
983
983
983
983
982
983
983
984
984
982
984
983
981
983
984
983
981
982
984
982
984
982
983
983
983
984
983
983
984
983
983
983
984
983
983
983
982
981
984
982
983
982
984
981
983
982
984
983
983
983
984
984
983
984
981
983
983
983
984
981
982
983
983
983
981
982
981
982
982
982
983
983
982
983
983
981
984
981
983
984
983
984
984
984
982
984
983
984
983
984
984
984
983
981
982
984
984
984
981
981
982
980
980
980
980
981
981
982
980
982
982
982
982
982
984
983
983
984
983
983
983
982
980
983
983
983
980
981
982
982
984
984
983
981
980
982
982
983
982
983
980
983
982
982
983
982
981
984
981
982
984
981
983
982
983
983
982
982
983
984
983
984
984
982
986
984
980
983
981
982
983
984
983
983
983
981
983
983
983
983
982
984
981
983
981
982
982
980
980
981
982
982
983
983
983
981
980
982
984
983
984
982
983
983
982
983
982
983
981
984
983
980
980
982
982
982
983
983
982
979
983
983
984
983
983
982
983
983
981
982
983
983
983
984
984
982
984
984
983
982
981
983
983
982
984
983
983
980
983
981
983
984
981
981
980
981
982
982
983
983
983
982
983
983
984
983
983
983
984
981
981
982
983
984
984
982
982
982
983
983
983
982
981
983
981
983
983
982
982
980
982
981
980
982
981
981
980
983
983
983
982
982
981
984
982
983
981
982
981
983
982
981
982
983
983
982
983
981
983
983
984
980
981
981
982
980
982
983
981
981
981
982
982
982
982
982
982
983
983
983
984
983
982
982
980
981
980
981
982
981
980
982
982
982
981
982
982
982
982
982
982
981
983
982
982
983
984
984
983
981
984
982
981
983
983
982
983
982
984
983
981
983
982
981
983
983
982
980
981
981
982
981
980
981
981
983
982
983
979
982
980
981
980
981
980
980
979
981
984
982
982
982
981
983
982
981
982
982
985
980
981
980
984
984
982
981
982
984
980
982
981
983
982
981
982
984
983
980
983
982
981
981
981
982
982
982
982
981
982
981
981
980
981
983
980
982
979
982
980
982
980
981
980
981
981
980
982
982
980
982
981
983
981
982
983
982
983
981
982
981
982
982
983
981
983
982
983
983
983
983
980
982
981
982
981
982
982
982
983
980
981
983
983
982
980
981
982
983
980
982
981
982
980
981
982
982
982
982
982
983
982
982
983
982
983
983
983
982
983
983
983
981
980
980
981
982
982
982
984
983
982
982
981
981
982
984
983
979
982
982
982
982
983
982
983
982
983
982
981
981
982
982
983
982
983
983
983
983
981
983
982
983
984
984
983
982
981
983
983
983
983
983
983
982
981
980
982
983
983
980
983
984
983
982
982
981
983
983
982
983
983
982
981
981
981
983
984
983
980
983
980
981
981
981
982
982
982
984
980
981
982
982
983
983
981
981
981
981
981
982
983
980
982
981
980
982
982
983
981
980
983
981
982
981
982
982
982
981
984
983
981
983
982
983
981
982
981
983
984
984
982
983
979
981
980
984
980
981
982
981
983
982
982
979
983
983
982
983
981
981
983
983
982
983
982
983
982
981
982
980
980
981
982
984
980
982
980
980
982
982
984
982
982
982
984
982
984
981
983
980
982
982
983
984
982
982
982
983
983
982
982
981
983
981
982
982
979
982
983
980
981
982
980
984
978
982
980
981
980
981
981
982
981
982
981
981
984
980
980
982
981
979
981
984
980
979
982
981
982
981
982
982
982
980
982
982
980
982
981
981
981
982
981
982
981
982
982
979
981
981
979
982
980
981
981
980
984
982
983
981
981
982
982
984
981
981
982
981
982
981
983
981
984
981
982
982
984
981
983
980
980
980
982
982
982
981
983
982
981
981
982
981
982
981
981
981
983
981
982
983
982
983
982
979
983
983
983
982
980
984
982
984
982
984
981
983
983
983
982
982
982
982
982
981
983
982
981
981
983
983
981
982
981
983
983
983
983
984
982
983
983
983
981
982
983
982
982
984
982
982
980
982
979
982
982
979
983
983
981
982
983
982
981
979
981
982
981
979
981
979
982
981
982
982
980
980
983
983
982
981
981
982
983
981
979
981
982
981
982
981
981
982
983
982
983
980
983
982
982
980
981
982
981
983
982
983
981
983
981
982
980
983
980
983
980
984
982
983
981
983
982
981
980
982
980
981
982
982
982
981
983
980
980
980
982
982
980
980
982
982
981
980
982
980
982
982
980
981
982
980
980
979
980
983
980
982
981
982
982
982
981
983
982
981
982
981
982
981
980
979
979
983
980
980
981
981
980
982
980
982
982
983
983
980
982
982
981
980
982
980
982
982
982
980
982
981
981
981
982
981
984
981
982
981
980
979
979
982
983
983
981
981
982
981
982
981
979
981
984
981
983
982
979
980
982
981
981
981
981
981
981
982
980
980
982
981
982
981
981
982
982
981
982
981
982
983
981
980
980
979
981
981
981
981
982
980
980
980
980
981
978
981
982
981
981
981
982
981
979
982
982
981
982
980
982
981
980
982
980
981
980
978
980
982
983
979
980
980
980
982
983
981
980
981
980
983
983
982
982
983
981
979
981
982
979
981
981
982
981
981
983
982
979
982
982
980
980
979
981
982
982
982
981
982
981
980
981
981
982
980
982
981
981
982
982
982
979
982
983
983
979
981
981
981
982
981
983
982
980
979
980
981
981
979
981
981
981
981
979
980
981
981
981
981
980
982
981
979
981
980
981
981
981
981
984
982
981
978
980
982
982
983
980
981
980
980
980
980
980
982
981
981
981
980
981
980
980
981
981
983
983
981
981
982
983
981
981
982
981
981
979
981
982
981
982
982
981
982
981
981
982
981
979
979
981
982
979
980
982
981
981
979
980
981
982
982
983
982
979
981
981
983
981
980
980
979
979
983
982
981
979
981
981
981
982
982
982
984
979
982
981
980
980
981
980
980
979
979
980
980
980
979
981
980
979
982
980
980
980
982
979
982
980
982
980
979
980
980
981
979
980
979
981
981
980
981
980
980
979
980
979
979
980
980
981
979
981
978
980
980
983
980
981
980
981
982
981
981
982
980
981
981
981
978
980
980
981
977
981
979
981
982
979
981
979
979
981
981
980
981
981
980
980
979
980
982
984
981
981
980
978
978
978
979
977
978
978
978
981
980
979
977
978
981
979
979
980
978
979
981
980
978
978
980
980
980
980
978
981
979
978
979
977
979
979
979
979
979
979
979
979
979
978
978
979
980
978
978
978
979
979
979
979
980
977
980
979
978
979
979
980
979
979
978
978
980
978
977
980
979
979
979
979
977
979
977
980
979
980
979
980
981
979
979
981
980
978
981
979
979
980
977
978
977
979
979
980
978
977
977
979
979
979
980
981
980
981
979
979
980
979
978
979
980
980
979
979
979
979
980
979
976
979
980
980
981
979
980
977
977
977
979
980
980
979
979
981
981
979
979
980
978
980
980
979
979
979
979
979
980
979
979
980
978
979
979
979
980
980
979
981
979
981
979
979
979
979
981
979
980
978
979
979
980
977
978
979
978
978
979
979
979
979
978
979
978
980
977
979
979
977
977
980
977
978
979
979
979
979
980
978
979
978
979
976
979
980
979
980
979
977
980
979
980
979
980
978
977
978
979
977
979
978
979
979
979
979
978
980
980
980
979
979
979
977
980
980
978
978
980
978
979
978
979
979
978
977
978
981
978
978
978
979
979
980
979
979
980
978
979
979
978
980
979
980
979
981
979
980
980
981
978
978
981
980
980
979
978
981
980
979
977
978
979
978
977
978
979
980
980
977
980
979
979
978
979
980
979
979
978
980
979
979
979
976
978
977
977
978
979
979
979
979
980
979
977
979
979
978
978
980
977
978
977
977
978
976
980
978
978
978
980
980
978
977
978
978
980
980
979
979
977
977
979
978
980
979
978
977
977
979
977
980
981
979
979
980
979
979
979
979
977
978
979
980
979
977
980
979
980
979
979
981
981
978
980
981
980
980
980
980
977
981
979
980
979
977
979
980
979
979
979
979
980
980
978
979
980
981
979
979
977
979
978
977
976
978
978
979
976
977
979
979
978
977
979
979
977
979
979
980
979
980
977
979
981
977
980
980
979
979
980
979
980
979
980
980
981
978
981
980
980
979
980
980
980
979
978
977
978
980
978
980
978
980
978
979
979
978
980
979
980
977
980
980
980
978
978
979
978
978
978
981
979
980
979
979
978
977
980
978
981
979
979
979
979
979
978
979
979
981
979
979
979
980
981
978
979
979
979
979
980
980
980
979
980
977
979
981
981
981
980
980
977
980
981
979
979
978
979
979
978
978
979
978
978
979
978
978
977
978
977
977
979
978
981
979
977
978
976
977
979
980
977
979
979
978
978
980
979
977
978
979
979
979
979
977
978
978
980
980
980
979
977
978
978
977
977
980
979
981
980
981
980
978
978
977
978
977
980
979
979
979
979
978
978
978
980
976
978
980
977
976
979
979
979
980
979
976
978
979
978
980
978
979
979
979
977
979
979
978
977
978
978
979
979
975
978
977
978
975
977
978
978
976
975
977
976
976
976
975
978
977
977
976
978
980
978
977
976
978
975
976
976
976
978
976
976
978
976
976
976
976
977
977
976
977
979
975
977
977
978
978
975
976
975
975
976
976
975
976
977
977
977
975
975
975
973
975
976
975
974
975
976
975
975
975
974
975
976
975
976
973
974
976
975
975
974
975
976
976
975
973
973
975
975
974
974
973
974
974
973
972
973
973
974
973
971
973
971
970
971
971
971
971
971
972
972
971
973
971
970
972
971
971
969
971
969
969
970
970
969
969
969
970
970
971
969
969
969
968
968
967
969
967
967
967
967
966
966
966
966
966
965
964
964
965
963
963
962
963
965
963
963
961
960
962
960
962
961
961
959
961
958
960
959
960
957
960
956
958
955
956
957
955
955
954
954
953
953
951
954
951
951
951
950
951
949
948
950
948
946
948
948
946
946
945
946
944
944
944
943
944
942
941
942
941
939
940
939
939
939
938
935
937
937
934
933
933
932
930
931
930
928
928
927
927
926
924
925
923
920
922
921
919
919
917
917
915
916
913
914
912
909
911
908
908
907
905
905
902
902
902
899
897
897
893
893
893
891
887
888
889
884
881
879
878
877
878
874
871
870
870
868
865
863
860
859
858
855
854
851
847
848
847
845
840
838
835
834
831
829
826
823
822
819
817
815
811
810
807
805
801
798
795
792
789
786
782
781
777
776
773
770
766
763
759
757
754
751
749
745
741
737
734
731
729
728
727
723
719
717
718
713
723
720
718
714
712
710
708
706
705
702
700
698
695
693
692
688
686
683
680
678
675
671
668
664
662
658
655
651
647
645
643
639
635
633
630
627
623
620
617
615
612
610
608
605
602
598
593
589
586
583
582
579
576
572
568
564
562
560
558
556
552
548
543
540
539
537
535
532
528
526
521
518
515
511
508
505
502
499
495
492
489
485
482
478
476
474
471
468
466
462
458
455
453
451
448
446
444
442
440
438
434
432
430
427
424
423
420
417
414
412
410
408
406
404
403
400
397
396
393
391
387
384
382
379
377
375
371
369
367
366
364
361
359
358
356
353
350
348
346
342
340
338
336
334
330
327
325
321
320
317
316
315
312
310
308
305
304
302
297
294
291
290
288
288
285
284
281
278
275
275
272
271
268
267
264
261
260
257
257
254
253
250
249
245
245
244
243
240
239
237
236
235
233
231
230
228
229
226
223
223
223
222
219
218
219
217
214
214
214
213
211
210
208
208
207
203
204
200
201
200
199
198
198
196
194
192
192
191
191
189
189
188
188
184
183
184
182
181
180
180
179
178
175
177
176
175
174
169
172
172
167
167
164
165
163
162
161
160
159
158
157
157
156
155
153
154
154
153
152
152
149
149
147
146
144
145
144
144
143
141
143
142
138
138
140
137
136
137
135
134
133
131
130
130
128
128
128
127
128
124
123
123
121
123
122
121
120
118
118
116
117
117
115
114
111
110
110
111
109
107
109
107
107
106
107
105
106
103
102
103
100
102
101
98
97
99
95
95
94
93
96
92
94
94
92
90
92
91
88
91
90
86
88
87
86
85
83
86
84
83
83
84
83
80
80
80
81
80
80
80
80
79
79
77
79
78
76
78
76
76
76
75
74
72
71
71
71
73
74
70
74
73
69
70
73
72
71
68
70
69
70
72
68
69
69
70
68
70
69
68
67
65
66
66
65
68
65
65
66
68
63
65
64
67
65
67
66
63
64
63
61
63
63
61
62
63
61
61
61
63
60
59
60
61
60
59
59
60
59
59
58
57
58
58
58
55
59
57
55
54
55
53
55
58
54
53
56
56
53
52
56
55
52
56
51
52
53
53
53
54
51
50
50
53
50
52
51
52
51
48
52
51
52
48
50
50
51
49
49
46
51
48
50
50
47
47
50
47
46
44
46
47
45
45
46
48
48
44
47
47
48
44
45
47
44
45
48
47
47
45
43
43
43
46
48
46
46
46
46
47
44
47
43
47
42
47
44
46
44
45
42
44
43
43
41
45
45
45
42
44
40
43
43
44
40
43
41
41
43
43
40
40
40
38
39
41
37
40
37
36
37
34
40
39
37
35
38
37
37
38
35
35
34
35
35
38
37
36
34
35
35
33
35
32
32
36
34
35
34
36
37
35
33
36
33
36
32
36
35
34
36
35
32
33
32
36
36
36
33
36
36
34
35
33
32
32
36
36
33
34
33
35
36
34
34
34
32
35
35
35
33
31
33
32
34
34
32
32
36
36
36
34
36
37
37
33
35
33
34
35
37
33
34
35
35
32
34
33
33
37
35
32
36
37
33
36
37
36
36
36
34
35
35
38
33
37
36
36
35
36
32
33
33
34
34
37
34
38
36
37
36
36
34
33
34
35
35
32
37
35
34
35
36
33
36
35
37
33
35
33
34
35
36
32
32
33
36
32
34
32
35
33
31
33
36
32
31
32
31
31
34
32
32
34
29
30
31
29
30
34
30
30
31
31
31
32
31
31
31
29
30
31
31
31
29
29
32
32
27
32
29
31
30
30
28
28
28
26
31
30
27
26
29
29
28
27
29
27
29
24
28
29
28
26
27
25
25
28
29
25
28
27
27
24
28
28
26
26
25
29
28
26
26
24
24
24
26
29
28
25
25
26
26
28
25
24
24
25
27
28
28
25
26
26
24
27
26
27
28
27
24
24
28
27
26
24
26
27
25
26
24
26
29
24
28
28
26
26
27
26
24
28
28
28
29
27
25
25
25
25
28
23
27
25
27
25
26
25
24
25
27
24
26
25
26
26
26
23
26
26
23
27
27
25
24
26
26
23
22
27
22
25
22
22
24
22
24
24
24
22
22
23
21
22
21
24
25
24
22
24
20
24
26
21
21
22
20
20
22
23
21
23
20
21
21
22
24
23
23
19
18
19
17
20
21
19
19
22
23
22
22
22
19
22
18
22
18
19
22
19
19
18
22
20
20
17
22
19
17
21
17
20
20
19
17
17
18
19
19
16
17
19
20
20
16
17
20
20
18
16
16
17
16
20
20
17
16
16
17
15
16
19
16
18
20
19
18
16
19
19
18
16
18
20
19
15
15
16
16
19
17
16
18
14
17
14
14
19
19
15
15
17
14
15
15
15
15
14
14
14
18
17
15
18
15
14
18
18
14
18
13
16
14
16
16
18
16
16
16
18
13
15
13
15
18
16
14
16
15
13
16
16
18
13
13
16
18
16
15
16
15
13
14
15
15
13
14
13
14
15
15
15
14
18
16
15
14
14
16
13
14
15
16
15
15
15
15
15
13
13
12
16
13
12
13
16
16
15
15
14
14
16
11
14
16
15
14
16
14
15
15
15
12
15
16
12
16
12
15
13
14
12
16
15
16
12
14
12
16
15
14
14
14
14
15
14
16
12
12
16
11
16
15
15
12
16
14
13
13
15
16
15
16
15
13
15
15
14
15
10
16
11
16
12
15
15
14
15
12
15
13
12
14
15
15
15
17
13
15
12
15
12
15
13
12
12
12
14
13
12
13
16
13
13
15
16
13
12
15
14
15
13
14
16
14
15
11
14
11
13
11
16
16
10
12
15
15
16
13
13
15
15
15
11
11
15
15
13
15
11
12
12
10
11
15
14
15
13
15
10
10
14
15
9
9
13
9
9
9
12
11
11
9
10
10
11
14
13
11
9
8
9
10
14
10
8
12
12
12
12
11
12
9
13
8
8
9
8
12
12
8
10
10
7
8
9
11
9
8
11
7
8
9
12
12
9
12
9
12
9
9
9
7
10
9
12
9
9
7
11
8
7
6
10
7
10
11
11
7
7
8
7
9
11
9
9
8
7
6
8
8
11
8
7
10
8
6
8
7
6
8
6
10
9
10
6
8
10
8
10
8
5
5
7
10
8
7
10
8
8
5
8
11
10
7
8
7
7
8
8
5
8
6
8
8
7
4
10
8
10
9
7
10
7
6
10
10
9
5
9
8
5
5
8
6
8
10
7
7
7
7
4
5
9
9
7
7
8
7
9
6
7
9
4
8
7
8
7
8
7
8
9
6
8
8
9
5
8
6
8
7
5
4
10
8
7
6
5
4
8
5
7
5
6
9
7
8
6
9
8
8
4
5
6
5
8
6
7
7
8
9
7
9
4
4
6
7
8
7
8
5
7
8
7
4
7
8
8
5
5
4
5
8
8
5
7
7
5
6
4
5
3
3
4
8
4
6
3
4
8
8
8
5
4
8
6
4
8
4
8
4
5
4
4
8
8
8
6
7
5
8
8
6
4
4
5
7
6
6
4
8
7
6
6
8
5
7
8
9
4
4
8
7
6
4
8
9
4
4
6
7
7
4
8
7
7
6
4
6
7
7
5
9
4
8
7
4
8
8
5
6
4
9
7
7
6
8
8
7
7
6
7
7
5
4
8
8
6
9
7
7
5
7
5
5
8
8
9
7
6
6
7
6
7
7
7
5
5
4
8
6
5
5
10
9
4
8
10
7
5
10
8
7
9
7
8
7
8
5
5
5
6
10
8
8
5
5
8
5
5
7
10
5
7
7
9
5
7
7
6
6
7
5
10
5
5
8
9
6
5
8
5
5
7
6
6
6
7
10
5
5
7
7
9
6
6
6
7
8
8
7
6
6
8
7
7
5
8
8
7
10
10
7
7
8
8
8
10
9
10
7
5
7
10
5
6
6
8
10
6
6
8
8
7
8
8
9
8
6
7
5
5
5
9
11
7
7
9
10
7
6
8
9
11
8
7
9
8
7
8
8
8
11
8
7
7
8
7
10
7
6
8
11
7
6
10
8
10
6
8
5
10
9
8
11
10
9
7
8
10
11
10
7
8
10
11
10
7
10
11
7
11
11
6
10
7
9
8
10
7
11
6
6
7
10
8
6
10
11
7
6
6
6
9
9
10
8
7
8
10
10
11
9
10
7
6
7
10
9
7
8
11
7
6
10
7
6
6
7
6
10
10
8
8
7
7
8
10
6
6
7
6
6
9
10
6
9
10
6
7
10
6
7
10
8
10
11
8
10
8
8
7
7
7
7
8
6
10
11
7
6
10
10
6
6
10
11
7
9
10
11
9
5
6
6
6
11
7
6
11
10
7
6
9
11
11
10
9
8
8
8
8
11
7
7
7
8
8
10
10
7
7
10
5
7
10
9
9
7
7
7
6
10
7
8
8
8
8
10
10
7
6
7
7
10
7
6
10
12
7
6
6
10
9
10
6
10
9
7
7
10
8
8
9
5
5
8
11
7
5
7
10
10
7
6
5
8
7
8
10
7
10
10
4
6
8
10
7
10
8
8
8
7
5
5
7
10
7
10
7
6
7
10
9
6
7
10
8
7
9
8
6
10
9
4
9
8
7
5
5
8
7
9
5
7
8
9
8
8
6
8
6
9
9
4
8
8
4
4
5
8
10
7
5
5
5
10
6
7
4
7
3
4
8
8
10
6
5
6
10
8
4
5
8
8
7
5
5
9
7
7
5
9
7
7
9
5
10
5
5
5
5
8
5
7
4
7
9
8
7
5
9
10
5
7
7
7
7
7
5
9
8
7
3
6
8
7
9
6
4
9
9
5
7
4
8
5
7
7
8
5
7
7
4
5
8
9
6
5
8
10
6
5
5
9
6
4
8
8
5
4
5
8
10
9
9
8
7
8
10
6
5
4
10
6
7
5
8
5
7
9
6
7
6
8
5
8
8
3
4
5
8
5
5
4
8
8
7
3
5
8
7
3
5
4
7
5
5
5
4
5
4
6
5
5
5
7
3
6
7
5
8
3
6
4
7
4
8
6
8
7
7
7
6
4
8
3
5
3
4
7
5
5
5
8
4
4
8
3
4
4
6
2
3
8
6
7
5
7
3
1
7
2
2
3
4
6
7
6
7
7
3
8
4
4
3
4
7
4
3
7
4
6
4
2
1
3
2
2
6
7
6
8
6
6
3
4
5
6
0
2
2
7
7
5
3
6
6
3
2
7
7
7
3
2
6
2
3
2
4
2
4
2
8
7
6
2
2
8
6
4
2
4
8
7
5
2
4
6
7
6
3
6
3
5
4
2
4
4
4
3
3
3
6
5
3
2
3
7
6
2
2
4
6
2
5
2
6
7
6
5
2
1
2
7
3
2
4
7
5
1
4
4
3
1
3
3
2
3
2
2
4
5
6
6
3
2
4
6
3
1
2
0
3
2
3
4
3
4
2
6
1
5
2
5
6
2
3
2
4
6
2
4
6
4
5
1
4
1
6
2
3
3
2
1
6
5
4
2
4
5
6
2
0
5
7
2
0
2
1
1
3
3
2
4
3
3
5
2
3
3
5
1
4
6
3
0
1
3
4
3
3
1
5
1
3
1
5
4
2
6
5
3
1
1
0
3
5
3
3
4
4
5
5
3
4
4
4
2
3
5
3
0
1
2
2
2
6
3
6
0
2
4
5
5
5
1
6
5
5
2
3
3
1
1
0
3
6
6
3
2
0
1
6
5
3
5
4
4
1
3
3
5
5
5
5
5
2
0
2
6
4
1
3
0
4
1
2
3
6
1
3
5
1
2
4
2
0
6
3
2
0
2
5
4
5
2
0
1
5
2
3
3
3
1
3
2
1
0
5
6
3
0
4
5
6
3
0
4
3
2
4
2
3
3
3
0
0
2
5
6
6
5
1
1
2
4
4
2
0
0
3
4
2
4
3
0
0
1
2
4
3
2
3
1
0
2
2
5
2
3
5
1
3
2
1
5
4
5
2
5
4
0
0
0
5
6
5
1
0
1
0
3
5
1
3
2
3
1
1
3
5
0
1
3
0
6
5
1
4
0
4
1
3
2
4
3
4
5
5
5
3
4
2
0
0
0
0
0
4
3
5
0
3
3
2
3
0
0
2
2
0
4
2
4
3
2
4
5
4
2
4
1
3
2
2
3
3
0
3
3
0
1
2
4
4
5
3
5
0
3
0
4
3
3
2
4
4
4
5
2
5
2
4
0
1
2
4
4
4
4
2
1
1
2
3
3
4
3
1
0
0
2
4
4
5
5
5
1
2
4
5
4
4
2
3
0
0
0
0
2
4
3
6
3
0
2
1
3
2
0
0
4
2
4
4
4
4
4
1
4
2
1
1
4
0
2
4
1
2
0
2
1
1
4
2
4
5
5
4
1
0
3
0
1
5
0
2
0
2
1
3
4
0
0
4
0
2
2
4
6
5
4
4
4
3
3
4
2
2
0
3
0
1
6
1
0
3
3
3
0
4
3
3
4
4
2
2
3
4
0
0
0
6
0
3
6
5
4
4
3
3
4
2
0
4
3
2
2
4
2
6
4
0
4
3
3
3
1
3
2
3
2
2
3
4
3
4
2
6
4
3
0
3
3
4
0
3
3
0
2
4
0
0
3
1
1
0
0
0
0
0
0
0
0
0
0
1
0
3
3
0
4
2
0
0
2
1
2
1
0
3
1
3
4
3
0
1
3
3
2
2
0
4
5
2
3
4
4
3
3
4
3
2
3
2
2
0
0
1
1
1
3
2
3
3
3
3
1
3
4
4
3
3
0
4
2
3
1
3
1
3
3
3
3
2
4
0
0
1
0
1
0
0
3
2
3
3
5
4
4
0
1
5
0
3
0
0
4
3
2
0
0
0
0
0
0
0
0
1
4
1
2
2
0
0
4
0
1
3
3
5
2
4
0
0
0
1
2
0
4
3
0
0
0
1
1
5
0
3
4
0
0
2
2
0
3
0
1
3
0
0
0
3
3
4
3
4
4
1
1
4
2
3
4
1
0
0
0
3
1
4
1
3
2
4
2
4
3
0
0
0
3
4
0
2
2
2
0
